[2020-01-11T14:11:53.932] [DEBUG] cheese - login => username:zce,password:123456
[2020-01-11T14:11:53.939] [DEBUG] cheese - zce
[2020-01-11T14:11:53.982] [DEBUG] cheese - null
[2020-01-11T14:11:53.986] [DEBUG] cheese - null
[2020-01-11T14:12:24.061] [DEBUG] cheese - login => username:zce,password:123456
[2020-01-11T14:12:24.062] [DEBUG] cheese - zce
[2020-01-11T14:12:24.076] [DEBUG] cheese - null
[2020-01-11T14:12:24.077] [DEBUG] cheese - null
[2020-01-11T14:13:12.150] [DEBUG] cheese - login => username:admin,password:123456
[2020-01-11T14:13:12.150] [DEBUG] cheese - admin
[2020-01-11T14:13:12.194] [DEBUG] cheese - null
[2020-01-11T14:13:12.194] [DEBUG] cheese - null
[2020-01-11T14:14:01.819] [DEBUG] cheese - login => username:admin,password:123456
[2020-01-11T14:14:01.824] [DEBUG] cheese - admin
[2020-01-11T14:14:01.886] [DEBUG] cheese - null
[2020-01-11T14:14:01.889] [DEBUG] cheese - null
[2020-01-11T14:37:54.653] [DEBUG] cheese - login => username:admin,password:123456
[2020-01-11T14:37:54.654] [DEBUG] cheese - admin
[2020-01-11T14:37:54.689] [DEBUG] cheese - null
[2020-01-11T14:37:54.689] [DEBUG] cheese - null
[2020-03-25T11:20:46.068] [DEBUG] cheese - login => username:admin,password:123456
[2020-03-25T11:20:46.073] [DEBUG] cheese - admin
[2020-03-25T11:20:46.247] [DEBUG] cheese - null
[2020-03-25T11:20:46.250] [DEBUG] cheese - null
[2020-03-25T15:14:07.606] [DEBUG] cheese - login => username:ssssssss,password:123456
[2020-03-25T15:14:07.640] [DEBUG] cheese - ssssssss
[2020-03-25T15:14:07.885] [DEBUG] cheese - null
[2020-03-25T15:14:07.888] [DEBUG] cheese - null
[2020-03-25T15:14:33.457] [DEBUG] cheese - login => username:admin,password:123456
[2020-03-25T15:14:33.457] [DEBUG] cheese - admin
[2020-03-25T15:14:33.499] [DEBUG] cheese - null
[2020-03-25T15:14:33.500] [DEBUG] cheese - null
[2020-03-26T11:02:56.090] [DEBUG] cheese - login => username:admin,password:123456
[2020-03-26T11:02:56.092] [DEBUG] cheese - admin
[2020-03-26T11:02:56.577] [DEBUG] cheese - null
[2020-03-26T11:02:56.592] [DEBUG] cheese - null
[2020-03-26T11:10:07.481] [DEBUG] cheese - login => username:admin,password:123456
[2020-03-26T11:10:07.482] [DEBUG] cheese - admin
[2020-03-26T11:10:07.526] [DEBUG] cheese - null
[2020-03-26T11:10:07.527] [DEBUG] cheese - null
[2020-03-26T11:27:55.389] [DEBUG] cheese - login => username:admin,password:123456
[2020-03-26T11:27:55.390] [DEBUG] cheese - admin
[2020-03-26T11:27:55.408] [DEBUG] cheese - null
[2020-03-26T11:27:55.409] [DEBUG] cheese - null
[2020-03-26T11:36:39.020] [DEBUG] cheese - login => username:admin,password:123456
[2020-03-26T11:36:39.021] [DEBUG] cheese - admin
[2020-03-26T11:36:39.048] [DEBUG] cheese - null
[2020-03-26T11:36:39.049] [DEBUG] cheese - null
[2020-03-26T14:01:39.031] [DEBUG] cheese - login => username:admin,password:123456
[2020-03-26T14:01:39.032] [DEBUG] cheese - admin
[2020-03-26T14:01:39.068] [DEBUG] cheese - null
[2020-03-26T14:01:39.069] [DEBUG] cheese - null
[2020-03-26T14:01:49.929] [DEBUG] cheese - login => username:admin,password:123456
[2020-03-26T14:01:49.929] [DEBUG] cheese - admin
[2020-03-26T14:01:49.939] [DEBUG] cheese - null
[2020-03-26T14:01:49.939] [DEBUG] cheese - null
[2020-03-26T14:02:25.512] [DEBUG] cheese - login => username:admin,password:123456
[2020-03-26T14:02:25.512] [DEBUG] cheese - admin
[2020-03-26T14:02:25.525] [DEBUG] cheese - null
[2020-03-26T14:02:25.526] [DEBUG] cheese - null
[2020-03-26T14:03:41.076] [DEBUG] cheese - login => username:admin,password:123456
[2020-03-26T14:03:41.077] [DEBUG] cheese - admin
[2020-03-26T14:03:41.087] [DEBUG] cheese - null
[2020-03-26T14:03:41.088] [DEBUG] cheese - null
[2020-03-26T14:07:00.716] [DEBUG] cheese - login => username:admin,password:123456
[2020-03-26T14:07:00.718] [DEBUG] cheese - admin
[2020-03-26T14:07:00.728] [DEBUG] cheese - null
[2020-03-26T14:07:00.729] [DEBUG] cheese - null
[2020-03-26T14:12:18.638] [DEBUG] cheese - login => username:admin,password:123456
[2020-03-26T14:12:18.639] [DEBUG] cheese - admin
[2020-03-26T14:12:18.653] [DEBUG] cheese - null
[2020-03-26T14:12:18.654] [DEBUG] cheese - null
[2020-03-26T14:19:15.826] [DEBUG] cheese - login => username:admin,password:123456
[2020-03-26T14:19:15.827] [DEBUG] cheese - admin
[2020-03-26T14:19:15.837] [DEBUG] cheese - null
[2020-03-26T14:19:15.837] [DEBUG] cheese - null
[2020-03-26T14:20:06.201] [DEBUG] cheese - login => username:admin,password:123456
[2020-03-26T14:20:06.202] [DEBUG] cheese - admin
[2020-03-26T14:20:06.212] [DEBUG] cheese - null
[2020-03-26T14:20:06.212] [DEBUG] cheese - null
[2020-03-26T14:20:22.476] [DEBUG] cheese - login => username:admin,password:123456
[2020-03-26T14:20:22.476] [DEBUG] cheese - admin
[2020-03-26T14:20:22.493] [DEBUG] cheese - null
[2020-03-26T14:20:22.494] [DEBUG] cheese - null
[2020-03-26T14:45:53.756] [DEBUG] cheese - login => username:admin,password:123456
[2020-03-26T14:45:53.756] [DEBUG] cheese - admin
[2020-03-26T14:45:53.768] [DEBUG] cheese - null
[2020-03-26T14:45:53.768] [DEBUG] cheese - null
[2020-03-26T15:59:14.979] [DEBUG] cheese - login => username:admin,password:123456
[2020-03-26T15:59:14.979] [DEBUG] cheese - admin
[2020-03-26T15:59:14.986] [DEBUG] cheese - null
[2020-03-26T15:59:14.986] [DEBUG] cheese - null
[2020-03-26T16:10:28.158] [DEBUG] cheese - login => username:admin,password:123456
[2020-03-26T16:10:28.159] [DEBUG] cheese - admin
[2020-03-26T16:10:28.253] [DEBUG] cheese - null
[2020-03-26T16:10:28.253] [DEBUG] cheese - null
[2020-03-26T16:22:18.642] [DEBUG] cheese - login => username:admin,password:123456
[2020-03-26T16:22:18.642] [DEBUG] cheese - admin
[2020-03-26T16:22:18.671] [DEBUG] cheese - null
[2020-03-26T16:22:18.671] [DEBUG] cheese - null
[2020-03-27T09:06:47.695] [DEBUG] cheese - login => username:admin,password:123456
[2020-03-27T09:06:47.707] [DEBUG] cheese - admin
[2020-03-27T09:06:47.840] [DEBUG] cheese - null
[2020-03-27T09:06:47.844] [DEBUG] cheese - null
[2020-03-27T10:13:40.649] [DEBUG] cheese - login => username:admin,password:123456
[2020-03-27T10:13:40.650] [DEBUG] cheese - admin
[2020-03-27T10:13:40.683] [DEBUG] cheese - null
[2020-03-27T10:13:40.684] [DEBUG] cheese - null
[2020-03-27T10:13:48.584] [DEBUG] cheese - login => username:admin,password:123456
[2020-03-27T10:13:48.585] [DEBUG] cheese - admin
[2020-03-27T10:13:48.598] [DEBUG] cheese - null
[2020-03-27T10:13:48.599] [DEBUG] cheese - null
[2020-03-28T09:06:42.523] [DEBUG] cheese - login => username:admin,password:123456
[2020-03-28T09:06:42.547] [DEBUG] cheese - admin
[2020-03-28T09:06:42.806] [DEBUG] cheese - null
[2020-03-28T09:06:42.810] [DEBUG] cheese - null
[2020-06-29T14:07:03.074] [DEBUG] cheese - login => username:admin,password:123456
[2020-06-29T14:07:03.117] [DEBUG] cheese - admin
[2020-06-29T14:07:03.275] [DEBUG] cheese - null
[2020-06-29T14:07:03.280] [DEBUG] cheese - null
[2020-06-29T15:19:06.993] [DEBUG] cheese - login => username:admin,password:123456
[2020-06-29T15:19:07.003] [DEBUG] cheese - admin
[2020-06-29T15:19:07.088] [DEBUG] cheese - null
[2020-06-29T15:19:07.091] [DEBUG] cheese - null
[2020-06-30T08:43:32.910] [DEBUG] cheese - login => username:admin,password:123456
[2020-06-30T08:43:32.948] [DEBUG] cheese - admin
[2020-06-30T08:43:33.081] [DEBUG] cheese - null
[2020-06-30T08:43:33.084] [DEBUG] cheese - null
[2020-06-30T11:43:22.982] [DEBUG] cheese - login => username:admin,password:123456
[2020-06-30T11:43:23.160] [DEBUG] cheese - admin
[2020-06-30T11:43:24.355] [DEBUG] cheese - null
[2020-06-30T11:43:24.372] [DEBUG] cheese - null
[2020-06-30T11:45:16.645] [DEBUG] cheese - login => username:admin,password:123456
[2020-06-30T11:45:16.646] [DEBUG] cheese - admin
[2020-06-30T11:45:16.799] [DEBUG] cheese - null
[2020-06-30T11:45:16.800] [DEBUG] cheese - null
[2020-06-30T11:46:28.582] [DEBUG] cheese - login => username:admin,password:123456
[2020-06-30T11:46:28.582] [DEBUG] cheese - admin
[2020-06-30T11:46:28.597] [DEBUG] cheese - null
[2020-06-30T11:46:28.597] [DEBUG] cheese - null
[2020-06-30T11:46:33.937] [DEBUG] cheese - login => username:admin,password:123456
[2020-06-30T11:46:33.941] [DEBUG] cheese - admin
[2020-06-30T11:46:33.953] [DEBUG] cheese - null
[2020-06-30T11:46:33.954] [DEBUG] cheese - null
[2020-06-30T11:47:41.065] [DEBUG] cheese - login => username:admin,password:123456
[2020-06-30T11:47:41.066] [DEBUG] cheese - admin
[2020-06-30T11:47:41.087] [DEBUG] cheese - null
[2020-06-30T11:47:41.087] [DEBUG] cheese - null
[2020-06-30T11:52:43.429] [DEBUG] cheese - login => username:admin,password:123456
[2020-06-30T11:52:43.430] [DEBUG] cheese - admin
[2020-06-30T11:52:43.440] [DEBUG] cheese - null
[2020-06-30T11:52:43.441] [DEBUG] cheese - null
[2020-06-30T11:56:13.538] [DEBUG] cheese - login => username:admin,password:123456
[2020-06-30T11:56:13.538] [DEBUG] cheese - admin
[2020-06-30T11:56:13.577] [DEBUG] cheese - null
[2020-06-30T11:56:13.577] [DEBUG] cheese - null
[2020-06-30T14:09:03.065] [DEBUG] cheese - login => username:admin,password:123456
[2020-06-30T14:09:03.115] [DEBUG] cheese - admin
[2020-06-30T14:09:03.367] [DEBUG] cheese - null
[2020-06-30T14:09:03.370] [DEBUG] cheese - null
[2020-06-30T14:09:27.262] [DEBUG] cheese - login => username:admin,password:123456
[2020-06-30T14:09:27.263] [DEBUG] cheese - admin
[2020-06-30T14:09:27.274] [DEBUG] cheese - null
[2020-06-30T14:09:27.274] [DEBUG] cheese - null
[2020-06-30T14:10:26.698] [DEBUG] cheese - login => username:admin,password:123456
[2020-06-30T14:10:26.699] [DEBUG] cheese - admin
[2020-06-30T14:10:26.715] [DEBUG] cheese - null
[2020-06-30T14:10:26.715] [DEBUG] cheese - null
[2020-06-30T14:11:06.784] [DEBUG] cheese - login => username:admin,password:123456
[2020-06-30T14:11:06.785] [DEBUG] cheese - admin
[2020-06-30T14:11:06.794] [DEBUG] cheese - null
[2020-06-30T14:11:06.795] [DEBUG] cheese - null
[2020-06-30T14:11:52.319] [DEBUG] cheese - login => username:admin,password:123456
[2020-06-30T14:11:52.319] [DEBUG] cheese - admin
[2020-06-30T14:11:52.332] [DEBUG] cheese - null
[2020-06-30T14:11:52.333] [DEBUG] cheese - null
[2020-06-30T14:12:40.609] [DEBUG] cheese - login => username:admin,password:123456
[2020-06-30T14:12:40.609] [DEBUG] cheese - admin
[2020-06-30T14:12:40.614] [DEBUG] cheese - null
[2020-06-30T14:12:40.614] [DEBUG] cheese - null
[2020-06-30T14:13:32.480] [DEBUG] cheese - login => username:admin,password:123456
[2020-06-30T14:13:32.481] [DEBUG] cheese - admin
[2020-06-30T14:13:32.502] [DEBUG] cheese - null
[2020-06-30T14:13:32.503] [DEBUG] cheese - null
[2020-06-30T14:14:55.428] [DEBUG] cheese - login => username:admin,password:123456
[2020-06-30T14:14:55.428] [DEBUG] cheese - admin
[2020-06-30T14:14:55.438] [DEBUG] cheese - null
[2020-06-30T14:14:55.441] [DEBUG] cheese - null
[2020-06-30T14:16:24.025] [DEBUG] cheese - login => username:admin,password:123456
[2020-06-30T14:16:24.026] [DEBUG] cheese - admin
[2020-06-30T14:16:24.031] [DEBUG] cheese - null
[2020-06-30T14:16:24.031] [DEBUG] cheese - null
[2020-06-30T14:17:32.325] [DEBUG] cheese - login => username:admin,password:123456
[2020-06-30T14:17:32.325] [DEBUG] cheese - admin
[2020-06-30T14:17:32.349] [DEBUG] cheese - null
[2020-06-30T14:17:32.349] [DEBUG] cheese - null
[2020-06-30T14:18:39.889] [DEBUG] cheese - login => username:admin,password:123456
[2020-06-30T14:18:39.889] [DEBUG] cheese - admin
[2020-06-30T14:18:39.894] [DEBUG] cheese - null
[2020-06-30T14:18:39.895] [DEBUG] cheese - null
[2020-06-30T15:05:19.985] [DEBUG] cheese - login => username:admin,password:123456
[2020-06-30T15:05:19.986] [DEBUG] cheese - admin
[2020-06-30T15:05:19.999] [DEBUG] cheese - null
[2020-06-30T15:05:19.999] [DEBUG] cheese - null
[2021-02-22T12:05:57.973] [DEBUG] cheese - login => username:admin,password:123456
[2021-02-22T12:05:57.974] [DEBUG] cheese - admin
[2021-02-22T12:05:58.412] [DEBUG] cheese - null
[2021-02-22T12:05:58.412] [DEBUG] cheese - null
[2021-02-22T12:19:14.321] [DEBUG] cheese - login => username:admin,password:123456
[2021-02-22T12:19:14.323] [DEBUG] cheese - admin
[2021-02-22T12:19:14.526] [DEBUG] cheese - null
[2021-02-22T12:19:14.527] [DEBUG] cheese - null
[2021-02-22T12:19:23.126] [DEBUG] cheese - login => username:admin,password:123456
[2021-02-22T12:19:23.127] [DEBUG] cheese - admin
[2021-02-22T12:19:23.133] [DEBUG] cheese - null
[2021-02-22T12:19:23.133] [DEBUG] cheese - null
[2021-02-22T12:22:37.753] [DEBUG] cheese - login => username:admin,password:123456
[2021-02-22T12:22:37.753] [DEBUG] cheese - admin
[2021-02-22T12:22:37.755] [DEBUG] cheese - null
[2021-02-22T12:22:37.756] [DEBUG] cheese - null
[2021-02-22T12:27:26.828] [DEBUG] cheese - login => username:admin,password:123456
[2021-02-22T12:27:26.830] [DEBUG] cheese - admin
[2021-02-22T12:27:26.845] [DEBUG] cheese - null
[2021-02-22T12:27:26.845] [DEBUG] cheese - null
[2021-02-22T12:31:28.181] [DEBUG] cheese - login => username:admin,password:123456
[2021-02-22T12:31:28.183] [DEBUG] cheese - admin
[2021-02-22T12:31:28.196] [DEBUG] cheese - null
[2021-02-22T12:31:28.196] [DEBUG] cheese - null
[2021-02-22T12:37:19.378] [DEBUG] cheese - null
[2021-02-22T12:46:37.036] [DEBUG] cheese - login => username:admin,password:123456
[2021-02-22T12:46:37.037] [DEBUG] cheese - admin
[2021-02-22T12:46:37.046] [DEBUG] cheese - null
[2021-02-22T12:46:37.048] [DEBUG] cheese - null
[2021-02-22T12:49:36.831] [DEBUG] cheese - login => username:admin,password:123456
[2021-02-22T12:49:36.833] [DEBUG] cheese - admin
[2021-02-22T12:49:36.841] [DEBUG] cheese - null
[2021-02-22T12:49:36.841] [DEBUG] cheese - null
[2021-02-22T12:54:45.702] [DEBUG] cheese - login => username:admin,password:123456
[2021-02-22T12:54:45.704] [DEBUG] cheese - admin
[2021-02-22T12:54:45.930] [DEBUG] cheese - null
[2021-02-22T12:54:45.930] [DEBUG] cheese - null
[2021-02-22T13:01:31.725] [DEBUG] cheese - login => username:admin,password:123456
[2021-02-22T13:01:31.726] [DEBUG] cheese - admin
[2021-02-22T13:01:32.033] [DEBUG] cheese - null
[2021-02-22T13:01:32.034] [DEBUG] cheese - null
[2021-02-22T13:14:52.191] [DEBUG] cheese - login => username:admin,password:123456
[2021-02-22T13:14:52.193] [DEBUG] cheese - admin
[2021-02-22T13:14:52.360] [DEBUG] cheese - null
[2021-02-22T13:14:52.360] [DEBUG] cheese - null
[2021-02-22T13:17:50.270] [DEBUG] cheese - login => username:admin,password:123456
[2021-02-22T13:17:50.273] [DEBUG] cheese - admin
[2021-02-22T13:17:50.308] [DEBUG] cheese - null
[2021-02-22T13:17:50.309] [DEBUG] cheese - null
[2021-02-22T13:18:16.212] [DEBUG] cheese - login => username:admin,password:123456
[2021-02-22T13:18:16.212] [DEBUG] cheese - admin
[2021-02-22T13:18:16.215] [DEBUG] cheese - null
[2021-02-22T13:18:16.215] [DEBUG] cheese - null
[2021-02-22T18:43:24.508] [DEBUG] cheese - login => username:admin,password:123456
[2021-02-22T18:43:24.510] [DEBUG] cheese - admin
[2021-02-22T18:43:25.092] [DEBUG] cheese - null
[2021-02-22T18:43:25.092] [DEBUG] cheese - null
[2021-02-24T12:07:37.956] [DEBUG] cheese - login => username:admin,password:123456
[2021-02-24T12:07:37.958] [DEBUG] cheese - admin
[2021-02-24T12:07:38.032] [DEBUG] cheese - null
[2021-02-24T12:07:38.033] [DEBUG] cheese - null
[2021-02-24T12:59:05.942] [DEBUG] cheese - login => username:admin,password:123456
[2021-02-24T12:59:05.947] [DEBUG] cheese - admin
[2021-02-24T12:59:05.963] [DEBUG] cheese - null
[2021-02-24T12:59:05.964] [DEBUG] cheese - null
[2021-02-24T13:08:15.103] [DEBUG] cheese - login => username:admin,password:123456
[2021-02-24T13:08:15.106] [DEBUG] cheese - admin
[2021-02-24T13:08:15.122] [DEBUG] cheese - null
[2021-02-24T13:08:15.123] [DEBUG] cheese - null
[2021-02-24T13:11:52.833] [DEBUG] cheese - login => username:admin,password:123456
[2021-02-24T13:11:52.833] [DEBUG] cheese - admin
[2021-02-24T13:11:52.842] [DEBUG] cheese - null
[2021-02-24T13:11:52.842] [DEBUG] cheese - null
[2021-02-24T13:16:46.198] [DEBUG] cheese - login => username:admin,password:123456
[2021-02-24T13:16:46.200] [DEBUG] cheese - admin
[2021-02-24T13:16:46.219] [DEBUG] cheese - null
[2021-02-24T13:16:46.220] [DEBUG] cheese - null
[2021-02-24T13:24:22.980] [DEBUG] cheese - login => username:admin,password:123456
[2021-02-24T13:24:22.983] [DEBUG] cheese - admin
[2021-02-24T13:24:22.995] [DEBUG] cheese - null
[2021-02-24T13:24:22.996] [DEBUG] cheese - null
[2021-02-24T13:31:00.552] [DEBUG] cheese - login => username:admin,password:123456
[2021-02-24T13:31:00.555] [DEBUG] cheese - admin
[2021-02-24T13:31:00.568] [DEBUG] cheese - null
[2021-02-24T13:31:00.569] [DEBUG] cheese - null
[2021-02-24T13:34:29.410] [DEBUG] cheese - login => username:admin,password:123456
[2021-02-24T13:34:29.411] [DEBUG] cheese - admin
[2021-02-24T13:34:29.423] [DEBUG] cheese - null
[2021-02-24T13:34:29.424] [DEBUG] cheese - null
[2021-03-01T10:44:33.372] [DEBUG] cheese - login => username:admin,password:123456
[2021-03-01T10:44:33.375] [DEBUG] cheese - admin
[2021-03-01T10:44:33.424] [DEBUG] cheese - null
[2021-03-01T10:44:33.425] [DEBUG] cheese - null
[2021-03-02T08:49:18.892] [DEBUG] cheese - login => username:admin,password:123456
[2021-03-02T08:49:18.894] [DEBUG] cheese - admin
[2021-03-02T08:49:18.951] [DEBUG] cheese - null
[2021-03-02T08:49:18.952] [DEBUG] cheese - null
[2021-05-11T16:46:32.204] [DEBUG] cheese - login => username:admin,password:123456
[2021-05-11T16:46:32.205] [DEBUG] cheese - admin
[2021-05-11T16:46:32.503] [DEBUG] cheese - null
[2021-05-11T16:46:32.504] [DEBUG] cheese - null
[2021-05-25T16:48:24.750] [DEBUG] cheese - login => username:zs,password:123456
[2021-05-25T16:48:24.754] [DEBUG] cheese - zs
[2021-05-25T16:48:25.435] [DEBUG] cheese - null
[2021-05-25T16:48:25.436] [DEBUG] cheese - null
[2021-05-25T16:48:31.758] [DEBUG] cheese - login => username:admin,password:123456
[2021-05-25T16:48:31.758] [DEBUG] cheese - admin
[2021-05-25T16:48:31.767] [DEBUG] cheese - null
[2021-05-25T16:48:31.767] [DEBUG] cheese - null
[2021-05-25T16:48:38.791] [DEBUG] cheese - login => username:admin,password:12345678
[2021-05-25T16:48:38.791] [DEBUG] cheese - admin
[2021-05-25T16:48:38.794] [DEBUG] cheese - null
[2021-05-25T16:48:38.794] [DEBUG] cheese - null
[2021-05-25T16:48:47.012] [DEBUG] cheese - login => username:admin,password:123456
[2021-05-25T16:48:47.013] [DEBUG] cheese - admin
[2021-05-25T16:48:47.015] [DEBUG] cheese - null
[2021-05-25T16:48:47.015] [DEBUG] cheese - null
[2021-05-26T14:59:26.341] [DEBUG] cheese - login => username:123,password:123456
[2021-05-26T14:59:26.342] [DEBUG] cheese - 123
[2021-05-26T14:59:26.493] [DEBUG] cheese - null
[2021-05-26T14:59:26.494] [DEBUG] cheese - null
[2021-05-26T14:59:31.288] [DEBUG] cheese - login => username:admin,password:123456
[2021-05-26T14:59:31.288] [DEBUG] cheese - admin
[2021-05-26T14:59:31.293] [DEBUG] cheese - null
[2021-05-26T14:59:31.293] [DEBUG] cheese - null
[2021-05-26T15:22:26.177] [DEBUG] cheese - login => username:admin,password:123456
[2021-05-26T15:22:26.178] [DEBUG] cheese - admin
[2021-05-26T15:22:26.187] [DEBUG] cheese - null
[2021-05-26T15:22:26.188] [DEBUG] cheese - null
[2021-05-26T15:22:39.022] [DEBUG] cheese - login => username:admin,password:123456
[2021-05-26T15:22:39.023] [DEBUG] cheese - admin
[2021-05-26T15:22:39.026] [DEBUG] cheese - null
[2021-05-26T15:22:39.026] [DEBUG] cheese - null
[2021-05-26T15:22:44.127] [DEBUG] cheese - login => username:admin,password:123456
[2021-05-26T15:22:44.127] [DEBUG] cheese - admin
[2021-05-26T15:22:44.130] [DEBUG] cheese - null
[2021-05-26T15:22:44.130] [DEBUG] cheese - null
[2021-05-26T16:12:28.533] [DEBUG] cheese - login => username:admin,password:123456
[2021-05-26T16:12:28.533] [DEBUG] cheese - admin
[2021-05-26T16:12:28.541] [DEBUG] cheese - null
[2021-05-26T16:12:28.541] [DEBUG] cheese - null
[2021-05-26T17:41:44.062] [DEBUG] cheese - login => username:admin,password:123456
[2021-05-26T17:41:44.063] [DEBUG] cheese - admin
[2021-05-26T17:41:44.071] [DEBUG] cheese - null
[2021-05-26T17:41:44.071] [DEBUG] cheese - null
[2021-05-26T17:44:15.007] [DEBUG] cheese - login => username:admin,password:123456
[2021-05-26T17:44:15.008] [DEBUG] cheese - admin
[2021-05-26T17:44:15.015] [DEBUG] cheese - null
[2021-05-26T17:44:15.016] [DEBUG] cheese - null
[2021-05-26T17:45:23.317] [DEBUG] cheese - login => username:admin,password:123456
[2021-05-26T17:45:23.317] [DEBUG] cheese - admin
[2021-05-26T17:45:23.320] [DEBUG] cheese - null
[2021-05-26T17:45:23.320] [DEBUG] cheese - null
[2021-05-27T10:02:51.358] [DEBUG] cheese - login => username:admin,password:123456
[2021-05-27T10:02:51.359] [DEBUG] cheese - admin
[2021-05-27T10:02:51.540] [DEBUG] cheese - null
[2021-05-27T10:02:51.540] [DEBUG] cheese - null
[2021-05-27T15:04:54.623] [DEBUG] cheese - login => username:admin,password:123456
[2021-05-27T15:04:54.625] [DEBUG] cheese - admin
[2021-05-27T15:04:54.630] [DEBUG] cheese - null
[2021-05-27T15:04:54.631] [DEBUG] cheese - null
[2021-05-27T16:26:16.675] [DEBUG] cheese - null
[2021-05-27T17:44:14.108] [DEBUG] cheese - null
[2021-05-28T14:21:00.669] [DEBUG] cheese - login => username:admin,password:123456
[2021-05-28T14:21:00.671] [DEBUG] cheese - admin
[2021-05-28T14:21:00.736] [DEBUG] cheese - null
[2021-05-28T14:21:00.736] [DEBUG] cheese - null
[2021-05-28T14:34:40.434] [DEBUG] cheese - login => username:admin,password:123456
[2021-05-28T14:34:40.437] [DEBUG] cheese - admin
[2021-05-28T14:34:40.457] [DEBUG] cheese - null
[2021-05-28T14:34:40.457] [DEBUG] cheese - null
[2021-05-28T16:47:45.337] [DEBUG] cheese - login => username:admin,password:123456
[2021-05-28T16:47:45.339] [DEBUG] cheese - admin
[2021-05-28T16:47:45.343] [DEBUG] cheese - null
[2021-05-28T16:47:45.344] [DEBUG] cheese - null
[2021-05-28T17:04:04.137] [DEBUG] cheese - null
[2021-05-28T17:07:17.643] [DEBUG] cheese - null
[2021-05-28T17:16:06.474] [DEBUG] cheese - login => username:admin,password:123456
[2021-05-28T17:16:06.477] [DEBUG] cheese - admin
[2021-05-28T17:16:06.484] [DEBUG] cheese - null
[2021-05-28T17:16:06.484] [DEBUG] cheese - null
[2021-05-28T17:16:40.842] [DEBUG] cheese - null
[2021-05-28T17:20:19.565] [DEBUG] cheese - login => username:admin,password:123456
[2021-05-28T17:20:19.565] [DEBUG] cheese - admin
[2021-05-28T17:20:19.572] [DEBUG] cheese - null
[2021-05-28T17:20:19.573] [DEBUG] cheese - null
[2021-05-28T17:21:50.624] [DEBUG] cheese - null
[2021-05-28T17:23:48.075] [DEBUG] cheese - null
[2021-05-28T17:24:20.997] [DEBUG] cheese - null
[2021-05-28T17:31:28.449] [DEBUG] cheese - null
[2021-05-28T17:33:06.739] [DEBUG] cheese - login => username:admin,password:123456
[2021-05-28T17:33:06.739] [DEBUG] cheese - admin
[2021-05-28T17:33:06.745] [DEBUG] cheese - null
[2021-05-28T17:33:06.745] [DEBUG] cheese - null
[2021-05-28T17:33:25.932] [DEBUG] cheese - null
[2021-05-28T17:41:13.946] [DEBUG] cheese - login => username:admin,password:123456
[2021-05-28T17:41:13.946] [DEBUG] cheese - admin
[2021-05-28T17:41:13.953] [DEBUG] cheese - null
[2021-05-28T17:41:13.953] [DEBUG] cheese - null
[2021-05-28T17:41:33.639] [DEBUG] cheese - null
[2021-05-28T17:41:43.328] [DEBUG] cheese - null
[2021-05-28T17:42:12.945] [DEBUG] cheese - null
[2021-05-28T17:42:45.473] [DEBUG] cheese - null
[2021-05-28T17:42:51.028] [DEBUG] cheese - null
[2021-05-28T17:43:02.257] [DEBUG] cheese - null
[2021-05-28T18:21:19.275] [DEBUG] cheese - login => username:admin,password:123456
[2021-05-28T18:21:19.276] [DEBUG] cheese - admin
[2021-05-28T18:21:19.284] [DEBUG] cheese - null
[2021-05-28T18:21:19.285] [DEBUG] cheese - null
[2021-05-28T18:38:05.588] [DEBUG] cheese - login => username:admin,password:123456
[2021-05-28T18:38:05.589] [DEBUG] cheese - admin
[2021-05-28T18:38:05.592] [DEBUG] cheese - null
[2021-05-28T18:38:05.592] [DEBUG] cheese - null
[2021-05-30T14:30:59.522] [DEBUG] cheese - login => username:admin,password:123456
[2021-05-30T14:30:59.524] [DEBUG] cheese - admin
[2021-05-30T14:30:59.712] [DEBUG] cheese - null
[2021-05-30T14:30:59.712] [DEBUG] cheese - null
[2021-05-30T14:33:58.676] [DEBUG] cheese - login => username:admin,password:123456
[2021-05-30T14:33:58.676] [DEBUG] cheese - admin
[2021-05-30T14:33:58.690] [DEBUG] cheese - null
[2021-05-30T14:33:58.690] [DEBUG] cheese - null
[2021-05-30T15:07:05.147] [DEBUG] cheese - login => username:admin,password:123456
[2021-05-30T15:07:05.148] [DEBUG] cheese - admin
[2021-05-30T15:07:05.164] [DEBUG] cheese - null
[2021-05-30T15:07:05.164] [DEBUG] cheese - null
[2021-06-01T15:47:44.070] [DEBUG] cheese - login => username:admin,password:12345678
[2021-06-01T15:47:44.072] [DEBUG] cheese - admin
[2021-06-01T15:47:44.209] [DEBUG] cheese - null
[2021-06-01T15:47:44.210] [DEBUG] cheese - null
[2021-06-01T15:47:47.788] [DEBUG] cheese - login => username:admin,password:123456
[2021-06-01T15:47:47.788] [DEBUG] cheese - admin
[2021-06-01T15:47:47.792] [DEBUG] cheese - null
[2021-06-01T15:47:47.793] [DEBUG] cheese - null
[2021-06-01T15:50:02.835] [DEBUG] cheese - login => username:123,password:123456
[2021-06-01T15:50:02.835] [DEBUG] cheese - 123
[2021-06-01T15:50:02.838] [DEBUG] cheese - null
[2021-06-01T15:50:02.839] [DEBUG] cheese - null
[2021-06-01T15:50:07.080] [DEBUG] cheese - null
[2021-06-01T15:50:15.942] [DEBUG] cheese - login => username:admin,password:123456
[2021-06-01T15:50:15.942] [DEBUG] cheese - admin
[2021-06-01T15:50:15.944] [DEBUG] cheese - null
[2021-06-01T15:50:15.944] [DEBUG] cheese - null
[2021-06-01T15:50:57.773] [DEBUG] cheese - login => username:123,password:123456
[2021-06-01T15:50:57.773] [DEBUG] cheese - 123
[2021-06-01T15:50:57.777] [DEBUG] cheese - null
[2021-06-01T15:50:57.777] [DEBUG] cheese - null
[2021-06-01T15:51:07.126] [DEBUG] cheese - login => username:admin,password:123456
[2021-06-01T15:51:07.126] [DEBUG] cheese - admin
[2021-06-01T15:51:07.128] [DEBUG] cheese - null
[2021-06-01T15:51:07.129] [DEBUG] cheese - null
[2021-06-01T15:59:58.062] [DEBUG] cheese - login => username:admin,password:123456
[2021-06-01T15:59:58.063] [DEBUG] cheese - admin
[2021-06-01T15:59:58.066] [DEBUG] cheese - null
[2021-06-01T15:59:58.067] [DEBUG] cheese - null
[2021-06-08T09:48:18.608] [DEBUG] cheese - login => username:admin,password:123456
[2021-06-08T09:48:18.612] [DEBUG] cheese - admin
[2021-06-08T09:48:18.738] [DEBUG] cheese - null
[2021-06-08T09:48:18.739] [DEBUG] cheese - null
[2021-06-08T09:49:35.113] [DEBUG] cheese - login => username:admin,password:123456
[2021-06-08T09:49:35.113] [DEBUG] cheese - admin
[2021-06-08T09:49:35.116] [DEBUG] cheese - null
[2021-06-08T09:49:35.117] [DEBUG] cheese - null
[2021-06-08T09:52:54.008] [DEBUG] cheese - login => username:admin,password:123456
[2021-06-08T09:52:54.008] [DEBUG] cheese - admin
[2021-06-08T09:52:54.015] [DEBUG] cheese - null
[2021-06-08T09:52:54.015] [DEBUG] cheese - null
[2021-06-08T09:55:05.371] [DEBUG] cheese - login => username:admin,password:123456
[2021-06-08T09:55:05.371] [DEBUG] cheese - admin
[2021-06-08T09:55:05.380] [DEBUG] cheese - null
[2021-06-08T09:55:05.380] [DEBUG] cheese - null
[2021-06-08T09:55:12.187] [DEBUG] cheese - login => username:admin,password:123456
[2021-06-08T09:55:12.187] [DEBUG] cheese - admin
[2021-06-08T09:55:12.190] [DEBUG] cheese - null
[2021-06-08T09:55:12.190] [DEBUG] cheese - null
[2021-06-08T09:55:18.121] [DEBUG] cheese - login => username:admin,password:123456
[2021-06-08T09:55:18.121] [DEBUG] cheese - admin
[2021-06-08T09:55:18.125] [DEBUG] cheese - null
[2021-06-08T09:55:18.125] [DEBUG] cheese - null
[2021-06-08T09:57:34.578] [DEBUG] cheese - login => username:admin,password:123456
[2021-06-08T09:57:34.578] [DEBUG] cheese - admin
[2021-06-08T09:57:34.585] [DEBUG] cheese - null
[2021-06-08T09:57:34.585] [DEBUG] cheese - null
[2021-06-08T10:16:23.721] [DEBUG] cheese - login => username:admin,password:123456
[2021-06-08T10:16:23.721] [DEBUG] cheese - admin
[2021-06-08T10:16:23.729] [DEBUG] cheese - null
[2021-06-08T10:16:23.730] [DEBUG] cheese - null
[2021-06-08T10:21:09.067] [DEBUG] cheese - login => username:admin,password:123456
[2021-06-08T10:21:09.067] [DEBUG] cheese - admin
[2021-06-08T10:21:09.076] [DEBUG] cheese - null
[2021-06-08T10:21:09.076] [DEBUG] cheese - null
[2021-06-08T10:27:55.740] [DEBUG] cheese - login => username:admin,password:123456
[2021-06-08T10:27:55.741] [DEBUG] cheese - admin
[2021-06-08T10:27:55.753] [DEBUG] cheese - null
[2021-06-08T10:27:55.753] [DEBUG] cheese - null
[2021-06-08T10:28:06.183] [DEBUG] cheese - login => username:admin,password:123456
[2021-06-08T10:28:06.183] [DEBUG] cheese - admin
[2021-06-08T10:28:06.187] [DEBUG] cheese - null
[2021-06-08T10:28:06.187] [DEBUG] cheese - null
[2021-06-08T10:49:22.087] [DEBUG] cheese - login => username:admin,password:123456
[2021-06-08T10:49:22.087] [DEBUG] cheese - admin
[2021-06-08T10:49:22.094] [DEBUG] cheese - null
[2021-06-08T10:49:22.094] [DEBUG] cheese - null
[2021-06-08T10:53:38.024] [DEBUG] cheese - login => username:admin,password:123456
[2021-06-08T10:53:38.024] [DEBUG] cheese - admin
[2021-06-08T10:53:38.029] [DEBUG] cheese - null
[2021-06-08T10:53:38.029] [DEBUG] cheese - null
[2021-06-08T10:54:41.138] [DEBUG] cheese - login => username:admin,password:123456
[2021-06-08T10:54:41.138] [DEBUG] cheese - admin
[2021-06-08T10:54:41.141] [DEBUG] cheese - null
[2021-06-08T10:54:41.141] [DEBUG] cheese - null
[2021-06-08T10:54:50.297] [DEBUG] cheese - login => username:admin,password:123456
[2021-06-08T10:54:50.297] [DEBUG] cheese - admin
[2021-06-08T10:54:50.299] [DEBUG] cheese - null
[2021-06-08T10:54:50.299] [DEBUG] cheese - null
[2021-06-08T10:55:43.656] [DEBUG] cheese - login => username:admin,password:123456
[2021-06-08T10:55:43.656] [DEBUG] cheese - admin
[2021-06-08T10:55:43.659] [DEBUG] cheese - null
[2021-06-08T10:55:43.659] [DEBUG] cheese - null
[2021-06-08T14:41:40.418] [DEBUG] cheese - login => username:admin,password:123456
[2021-06-08T14:41:40.419] [DEBUG] cheese - admin
[2021-06-08T14:41:40.428] [DEBUG] cheese - null
[2021-06-08T14:41:40.429] [DEBUG] cheese - null
[2021-06-08T15:08:08.045] [DEBUG] cheese - login => username:admin,password:123456
[2021-06-08T15:08:08.045] [DEBUG] cheese - admin
[2021-06-08T15:08:08.049] [DEBUG] cheese - null
[2021-06-08T15:08:08.049] [DEBUG] cheese - null
[2021-06-08T15:09:14.656] [DEBUG] cheese - null
[2021-06-08T15:09:16.807] [DEBUG] cheese - null
[2021-06-08T15:09:19.155] [DEBUG] cheese - null
[2021-06-08T15:09:21.949] [DEBUG] cheese - null
[2021-06-08T15:10:45.602] [DEBUG] cheese - null
[2021-06-08T15:15:13.679] [DEBUG] cheese - login => username:admin,password:123456
[2021-06-08T15:15:13.680] [DEBUG] cheese - admin
[2021-06-08T15:15:13.683] [DEBUG] cheese - null
[2021-06-08T15:15:13.683] [DEBUG] cheese - null
[2021-06-08T15:15:24.736] [DEBUG] cheese - login => username:admin,password:123456
[2021-06-08T15:15:24.736] [DEBUG] cheese - admin
[2021-06-08T15:15:24.739] [DEBUG] cheese - null
[2021-06-08T15:15:24.739] [DEBUG] cheese - null
[2021-06-08T15:15:35.175] [DEBUG] cheese - login => username:admin,password:123456
[2021-06-08T15:15:35.175] [DEBUG] cheese - admin
[2021-06-08T15:15:35.179] [DEBUG] cheese - null
[2021-06-08T15:15:35.179] [DEBUG] cheese - null
[2021-06-08T15:15:44.556] [DEBUG] cheese - login => username:admin,password:123456
[2021-06-08T15:15:44.556] [DEBUG] cheese - admin
[2021-06-08T15:15:44.558] [DEBUG] cheese - null
[2021-06-08T15:15:44.559] [DEBUG] cheese - null
[2021-06-08T15:17:58.253] [DEBUG] cheese - login => username:admin,password:123456
[2021-06-08T15:17:58.253] [DEBUG] cheese - admin
[2021-06-08T15:17:58.258] [DEBUG] cheese - null
[2021-06-08T15:17:58.258] [DEBUG] cheese - null
[2021-06-08T15:27:36.706] [DEBUG] cheese - login => username:admin,password:123456
[2021-06-08T15:27:36.706] [DEBUG] cheese - admin
[2021-06-08T15:27:36.709] [DEBUG] cheese - null
[2021-06-08T15:27:36.709] [DEBUG] cheese - null
[2021-06-08T15:28:15.764] [DEBUG] cheese - login => username:admin,password:123456
[2021-06-08T15:28:15.764] [DEBUG] cheese - admin
[2021-06-08T15:28:15.769] [DEBUG] cheese - null
[2021-06-08T15:28:15.769] [DEBUG] cheese - null
[2021-06-08T15:28:31.254] [DEBUG] cheese - login => username:admin,password:123456
[2021-06-08T15:28:31.254] [DEBUG] cheese - admin
[2021-06-08T15:28:31.257] [DEBUG] cheese - null
[2021-06-08T15:28:31.257] [DEBUG] cheese - null
[2021-07-06T10:42:59.006] [DEBUG] cheese - login => username:admin,password:123456
[2021-07-06T10:42:59.007] [DEBUG] cheese - admin
[2021-07-06T10:42:59.129] [DEBUG] cheese - null
[2021-07-06T10:42:59.129] [DEBUG] cheese - null
[2021-11-08T16:39:46.532] [DEBUG] cheese - login => username:admin,password:123456
[2021-11-08T16:39:46.533] [DEBUG] cheese - admin
[2021-11-08T16:39:46.652] [DEBUG] cheese - null
[2021-11-08T16:39:46.653] [DEBUG] cheese - null
[2021-11-08T16:42:00.237] [DEBUG] cheese - login => username:admin,password:123456
[2021-11-08T16:42:00.239] [DEBUG] cheese - admin
[2021-11-08T16:42:00.254] [DEBUG] cheese - null
[2021-11-08T16:42:00.255] [DEBUG] cheese - null
[2021-11-15T17:18:12.126] [DEBUG] cheese - login => username:admin,password:123456
[2021-11-15T17:18:12.128] [DEBUG] cheese - admin
[2021-11-15T17:18:12.159] [DEBUG] cheese - null
[2021-11-15T17:18:12.159] [DEBUG] cheese - null
[2022-10-19T14:05:49.368] [DEBUG] cheese - login => username:admin,password:123456
[2022-10-19T14:05:49.369] [DEBUG] cheese - admin
[2022-10-19T14:05:49.395] [DEBUG] cheese - null
[2022-10-19T14:05:49.395] [DEBUG] cheese - null
[2022-10-19T14:07:10.100] [DEBUG] cheese - login => username:admin,password:123456
[2022-10-19T14:07:10.101] [DEBUG] cheese - admin
[2022-10-19T14:07:10.106] [DEBUG] cheese - null
[2022-10-19T14:07:10.107] [DEBUG] cheese - null
[2022-10-19T14:07:18.620] [DEBUG] cheese - login => username:admin,password:123456
[2022-10-19T14:07:18.621] [DEBUG] cheese - admin
[2022-10-19T14:07:18.623] [DEBUG] cheese - null
[2022-10-19T14:07:18.623] [DEBUG] cheese - null
[2022-10-19T14:08:03.149] [DEBUG] cheese - login => username:admin,password:123456
[2022-10-19T14:08:03.149] [DEBUG] cheese - admin
[2022-10-19T14:08:03.151] [DEBUG] cheese - null
[2022-10-19T14:08:03.151] [DEBUG] cheese - null
[2022-10-19T14:58:14.158] [DEBUG] cheese - login => username:admin,password:123456
[2022-10-19T14:58:14.159] [DEBUG] cheese - admin
[2022-10-19T14:58:14.173] [DEBUG] cheese - null
[2022-10-19T14:58:14.173] [DEBUG] cheese - null
